<?xml version="1.0" encoding="UTF-8"?>
<testng-results skipped="0" failed="0" ignored="0" total="1" passed="1">
  <reporter-output>
  </reporter-output>
  <suite name="Default suite" duration-ms="57505" started-at="2020-07-02T12:59:28 IST" finished-at="2020-07-02T13:00:25 IST">
    <groups>
    </groups>
    <test name="Default test" duration-ms="57505" started-at="2020-07-02T12:59:28 IST" finished-at="2020-07-02T13:00:25 IST">
      <class name="org.cts.TetstNg">
        <test-method status="PASS" signature="test1()[pri:0, instance:org.cts.TetstNg@1efed156]" name="test1" duration-ms="57380" started-at="2020-07-02T12:59:28 IST" finished-at="2020-07-02T13:00:25 IST">
          <reporter-output>
          </reporter-output>
        </test-method> <!-- test1 -->
      </class> <!-- org.cts.TetstNg -->
    </test> <!-- Default test -->
  </suite> <!-- Default suite -->
</testng-results>
